size: x: 10 y: 12
[1 , 1] w: 432 n: NAN
[1 , 2] w: 432 n: US Army MREs (winter)
[1 , 3] w: 434 n: US Army MREs (winter)
[1 , 4] w: 432 n: US Army MREs (winter)
[1 , 5] w: 432 n: US Army MREs (winter)
[1 , 6] w: 432 n: US Army MREs (winter)
[1 , 7] w: 436 n: US Army MREs (winter)
[1 , 8] w: 432 n: US Army MREs (winter)
[1 , 9] w: 432 n: US Army MREs (winter)
[1 , 10] w: 432 n: US Army MREs (winter)
[1 , 11] w: 1232 n: Walmart Bikes for Redlands
[1 , 12] w: 432 n: NAN
[2 , 1] w: 432 n: NAN
[2 , 2] w: 437 n: US Army MREs (winter)
[2 , 3] w: 436 n: US Army MREs (winter)
[2 , 4] w: 432 n: US Army MREs (winter)
[2 , 5] w: 432 n: US Army MREs (winter)
[2 , 6] w: 432 n: US Army MREs (winter)
[2 , 7] w: 472 n: US Army MREs (winter)
[2 , 8] w: 432 n: US Army MREs (winter)
[2 , 9] w: 432 n: US Army MREs (winter)
[2 , 10] w: 432 n: US Army MREs (winter)
[2 , 11] w: 472 n: US Army MREs (winter)
[2 , 12] w: 422 n: NAN
[3 , 1] w: 432 n: US Army MREs (winter)
[3 , 2] w: 432 n: US Army MREs (winter)
[3 , 3] w: 432 n: US Army MREs (winter)
[3 , 4] w: 432 n: US Army MREs (winter)
[3 , 5] w: 442 n: US Army MREs (winter)
[3 , 6] w: 432 n: US Army MREs (winter)
[3 , 7] w: 472 n: US Army MREs (winter)
[3 , 8] w: 432 n: US Army MREs (winter)
[3 , 9] w: 432 n: US Army MREs (winter)
[3 , 10] w: 432 n: US Army MREs (winter)
[3 , 11] w: 432 n: US Army MREs (winter)
[3 , 12] w: 432 n: US Army MREs (winter)
[4 , 1] w: 422 n: US Army MREs (winter)
[4 , 2] w: 437 n: US Army MREs (winter)
[4 , 3] w: 432 n: US Army MREs (winter)
[4 , 4] w: 432 n: US Army MREs (winter)
[4 , 5] w: 432 n: US Army MREs (winter)
[4 , 6] w: 462 n: US Army MREs (winter)
[4 , 7] w: 432 n: US Army MREs (winter)
[4 , 8] w: 434 n: US Army MREs (winter)
[4 , 9] w: 432 n: US Army MREs (winter)
[4 , 10] w: 432 n: US Army MREs (winter)
[4 , 11] w: 432 n: US Army MREs (winter)
[4 , 12] w: 433 n: US Army MREs (winter)
[5 , 1] w: 432 n: US Army MREs (winter)
[5 , 2] w: 442 n: US Army MREs (winter)
[5 , 3] w: 432 n: US Army MREs (winter)
[5 , 4] w: 432 n: US Army MREs (winter)
[5 , 5] w: 432 n: US Army MREs (winter)
[5 , 6] w: 432 n: US Army MREs (winter)
[5 , 7] w: 432 n: US Army MREs (winter)
[5 , 8] w: 432 n: US Army MREs (winter)
[5 , 9] w: 432 n: US Army MREs (winter)
[5 , 10] w: 432 n: US Army MREs (winter)
[5 , 11] w: 432 n: US Army MREs (winter)
[5 , 12] w: 432 n: US Army MREs (winter)
[6 , 1] w: 431 n: US Army MREs (winter)
[6 , 2] w: 432 n: US Army MREs (winter)
[6 , 3] w: 432 n: US Army MREs (winter)
[6 , 4] w: 432 n: US Army MREs (winter)
[6 , 5] w: 432 n: US Army MREs (winter)
[6 , 6] w: 432 n: US Army MREs (winter)
[6 , 7] w: 432 n: US Army MREs (winter)
[6 , 8] w: 432 n: US Army MREs (winter)
[6 , 9] w: 432 n: US Army MREs (winter)
[6 , 10] w: 432 n: US Army MREs (winter)
[6 , 11] w: 432 n: US Army MREs (winter)
[6 , 12] w: 432 n: US Army MREs (winter)
[7 , 1] w: 432 n: US Army MREs (winter)
[7 , 2] w: 432 n: US Army MREs (winter)
[7 , 3] w: 432 n: US Army MREs (winter)
[7 , 4] w: 432 n: US Army MREs (winter)
[7 , 5] w: 432 n: US Army MREs (winter)
[7 , 6] w: 432 n: US Army MREs (winter)
[7 , 7] w: 432 n: US Army MREs (winter)
[7 , 8] w: 432 n: US Army MREs (winter)
[7 , 9] w: 432 n: US Army MREs (winter)
[7 , 10] w: 432 n: US Army MREs (winter)
[7 , 11] w: 432 n: US Army MREs (winter)
[7 , 12] w: 432 n: US Army MREs (winter)
[8 , 1] w: 432 n: US Army MREs (winter)
[8 , 2] w: 432 n: US Army MREs (winter)
[8 , 3] w: 432 n: US Army MREs (winter)
[8 , 4] w: 432 n: US Army MREs (winter)
[8 , 5] w: 432 n: US Army MREs (winter)
[8 , 6] w: 432 n: US Army MREs (winter)
[8 , 7] w: 432 n: US Army MREs (winter)
[8 , 8] w: 432 n: US Army MREs (winter)
[8 , 9] w: 432 n: US Army MREs (winter)
[8 , 10] w: 432 n: US Army MREs (winter)
[8 , 11] w: 432 n: US Army MREs (winter)
[8 , 12] w: 432 n: US Army MREs (winter)
[9 , 1] w: 0 n: UNUSED
[9 , 2] w: 0 n: UNUSED
[9 , 3] w: 0 n: UNUSED
[9 , 4] w: 0 n: UNUSED
[9 , 5] w: 0 n: UNUSED
[9 , 6] w: 0 n: UNUSED
[9 , 7] w: 0 n: UNUSED
[9 , 8] w: 0 n: UNUSED
[9 , 9] w: 0 n: UNUSED
[9 , 10] w: 0 n: UNUSED
[9 , 11] w: 0 n: UNUSED
[9 , 12] w: 0 n: UNUSED
[10 , 1] w: 0 n: UNUSED
[10 , 2] w: 0 n: UNUSED
[10 , 3] w: 0 n: UNUSED
[10 , 4] w: 0 n: UNUSED
[10 , 5] w: 0 n: UNUSED
[10 , 6] w: 0 n: UNUSED
[10 , 7] w: 0 n: UNUSED
[10 , 8] w: 0 n: UNUSED
[10 , 9] w: 0 n: UNUSED
[10 , 10] w: 0 n: UNUSED
[10 , 11] w: 0 n: UNUSED
[10 , 12] w: 0 n: UNUSED
1. Load/offload 
2. Balance
